{"name":"Assert title test","status":"broken","statusDetails":{"known":false,"muted":false,"flaky":false,"message":"Expected condition failed: Cannot find and click search result with substringobject-oriented programming language\n (tried for 10 second(s) with 500 milliseconds interval)","trace":"org.openqa.selenium.TimeoutException: Expected condition failed: Cannot find and click search result with substringobject-oriented programming language\n (tried for 10 second(s) with 500 milliseconds interval)\r\n\tat org.openqa.selenium.support.ui.WebDriverWait.timeoutException(WebDriverWait.java:81)\r\n\tat org.openqa.selenium.support.ui.FluentWait.until(FluentWait.java:271)\r\n\tat lib.ui.MainPageObject.waitForElementPresent_aroundBody0(MainPageObject.java:39)\r\n\tat lib.ui.MainPageObject$AjcClosure1.run(MainPageObject.java:1)\r\n\tat org.aspectj.runtime.reflect.JoinPointImpl.proceed(JoinPointImpl.java:149)\r\n\tat io.qameta.allure.aspects.StepsAspects.step(StepsAspects.java:50)\r\n\tat lib.ui.MainPageObject.waitForElementPresent(MainPageObject.java:36)\r\n\tat lib.ui.MainPageObject.waitForElementAndClick_aroundBody4(MainPageObject.java:57)\r\n\tat lib.ui.MainPageObject$AjcClosure5.run(MainPageObject.java:1)\r\n\tat org.aspectj.runtime.reflect.JoinPointImpl.proceed(JoinPointImpl.java:149)\r\n\tat io.qameta.allure.aspects.StepsAspects.step(StepsAspects.java:50)\r\n\tat lib.ui.MainPageObject.waitForElementAndClick(MainPageObject.java:57)\r\n\tat lib.ui.SearchPageObject.clickByArticleWithSubstring_aroundBody14(SearchPageObject.java:100)\r\n\tat lib.ui.SearchPageObject$AjcClosure15.run(SearchPageObject.java:1)\r\n\tat org.aspectj.runtime.reflect.JoinPointImpl.proceed(JoinPointImpl.java:149)\r\n\tat io.qameta.allure.aspects.StepsAspects.step(StepsAspects.java:50)\r\n\tat lib.ui.SearchPageObject.clickByArticleWithSubstring(SearchPageObject.java:99)\r\n\tat tests.ArticleTests.testAssertTitle_aroundBody4(ArticleTests.java:63)\r\n\tat tests.ArticleTests$AjcClosure5.run(ArticleTests.java:1)\r\n\tat org.aspectj.runtime.reflect.JoinPointImpl.proceed(JoinPointImpl.java:149)\r\n\tat io.qameta.allure.aspects.StepsAspects.step(StepsAspects.java:50)\r\n\tat tests.ArticleTests.testAssertTitle(ArticleTests.java:59)\r\n\tat sun.reflect.NativeMethodAccessorImpl.invoke0(Native Method)\r\n\tat sun.reflect.NativeMethodAccessorImpl.invoke(NativeMethodAccessorImpl.java:62)\r\n\tat sun.reflect.DelegatingMethodAccessorImpl.invoke(DelegatingMethodAccessorImpl.java:43)\r\n\tat java.lang.reflect.Method.invoke(Method.java:498)\r\n\tat org.junit.runners.model.FrameworkMethod$1.runReflectiveCall(FrameworkMethod.java:50)\r\n\tat org.junit.internal.runners.model.ReflectiveCallable.run(ReflectiveCallable.java:12)\r\n\tat org.junit.runners.model.FrameworkMethod.invokeExplosively(FrameworkMethod.java:47)\r\n\tat org.junit.internal.runners.statements.InvokeMethod.evaluate(InvokeMethod.java:17)\r\n\tat org.junit.internal.runners.statements.RunBefores.evaluate(RunBefores.java:26)\r\n\tat org.junit.internal.runners.statements.RunAfters.evaluate(RunAfters.java:27)\r\n\tat org.junit.runners.ParentRunner.runLeaf(ParentRunner.java:325)\r\n\tat org.junit.runners.BlockJUnit4ClassRunner.runChild(BlockJUnit4ClassRunner.java:78)\r\n\tat org.junit.runners.BlockJUnit4ClassRunner.runChild(BlockJUnit4ClassRunner.java:57)\r\n\tat org.junit.runners.ParentRunner$3.run(ParentRunner.java:290)\r\n\tat org.junit.runners.ParentRunner$1.schedule(ParentRunner.java:71)\r\n\tat org.junit.runners.ParentRunner.runChildren(ParentRunner.java:288)\r\n\tat org.junit.runners.ParentRunner.access$000(ParentRunner.java:58)\r\n\tat org.junit.runners.ParentRunner$2.evaluate(ParentRunner.java:268)\r\n\tat org.junit.runners.ParentRunner.run(ParentRunner.java:363)\r\n\tat org.apache.maven.surefire.junit4.JUnit4Provider.execute(JUnit4Provider.java:365)\r\n\tat org.apache.maven.surefire.junit4.JUnit4Provider.executeWithRerun(JUnit4Provider.java:273)\r\n\tat org.apache.maven.surefire.junit4.JUnit4Provider.executeTestSet(JUnit4Provider.java:238)\r\n\tat org.apache.maven.surefire.junit4.JUnit4Provider.invoke(JUnit4Provider.java:159)\r\n\tat org.apache.maven.surefire.booter.ForkedBooter.invokeProviderInSameClassLoader(ForkedBooter.java:384)\r\n\tat org.apache.maven.surefire.booter.ForkedBooter.runSuitesInProcess(ForkedBooter.java:345)\r\n\tat org.apache.maven.surefire.booter.ForkedBooter.execute(ForkedBooter.java:126)\r\n\tat org.apache.maven.surefire.booter.ForkedBooter.main(ForkedBooter.java:418)\r\nCaused by: org.openqa.selenium.NoSuchElementException: Cannot locate an element using By.xpath: //div[contains(@class,'wikidata-description')][contains(text(), 'object-oriented programming language')]\nFor documentation on this error, please visit: http://seleniumhq.org/exceptions/no_such_element.html\nBuild info: version: '3.12.0', revision: '7c6e0b3', time: '2018-05-08T14:04:26.12Z'\nSystem info: host: 'LAPTOP-M7G32PN6', ip: '192.168.1.2', os.name: 'Windows 10', os.arch: 'amd64', os.version: '10.0', java.version: '1.8.0_281'\nDriver info: driver.version: unknown\r\n\tat org.openqa.selenium.support.ui.ExpectedConditions.lambda$findElement$0(ExpectedConditions.java:896)\r\n\tat java.util.Optional.orElseThrow(Optional.java:290)\r\n\tat org.openqa.selenium.support.ui.ExpectedConditions.findElement(ExpectedConditions.java:895)\r\n\tat org.openqa.selenium.support.ui.ExpectedConditions.access$000(ExpectedConditions.java:44)\r\n\tat org.openqa.selenium.support.ui.ExpectedConditions$6.apply(ExpectedConditions.java:183)\r\n\tat org.openqa.selenium.support.ui.ExpectedConditions$6.apply(ExpectedConditions.java:180)\r\n\tat org.openqa.selenium.support.ui.FluentWait.until(FluentWait.java:248)\r\n\t... 47 more\r\n"},"stage":"finished","description":"We open Java (programming language) article and check that there is title element on the page","steps":[{"name":"Run driver and session","status":"passed","stage":"finished","steps":[{"name":"Getting driver","status":"passed","stage":"finished","steps":[{"name":"Getting plarform","status":"passed","stage":"finished","steps":[],"attachments":[],"parameters":[],"start":1617475700642,"stop":1617475700646},{"name":"Getting plarform","status":"passed","stage":"finished","steps":[],"attachments":[],"parameters":[],"start":1617475700646,"stop":1617475700647},{"name":"Getting plarform","status":"passed","stage":"finished","steps":[],"attachments":[],"parameters":[],"start":1617475700647,"stop":1617475700647},{"name":"Setting Chrome options","status":"passed","stage":"finished","steps":[],"attachments":[],"parameters":[],"start":1617475700662,"stop":1617475700694}],"attachments":[],"parameters":[],"start":1617475700639,"stop":1617475704217},{"name":"Creating allure property file","status":"passed","stage":"finished","steps":[{"name":"Getting plarform","status":"passed","stage":"finished","steps":[],"attachments":[],"parameters":[],"start":1617475704218,"stop":1617475704218}],"attachments":[],"parameters":[],"start":1617475704217,"stop":1617475704219},{"name":"Rotate screen to portrait mode","status":"passed","stage":"finished","steps":[{"name":"Getting plarform","status":"passed","stage":"finished","steps":[],"attachments":[],"parameters":[],"start":1617475704220,"stop":1617475704220}],"attachments":[],"parameters":[],"start":1617475704220,"stop":1617475704220},{"name":"Skip Welcome page for iOS","status":"passed","stage":"finished","steps":[{"name":"Getting plarform","status":"passed","stage":"finished","steps":[],"attachments":[],"parameters":[],"start":1617475704220,"stop":1617475704220}],"attachments":[],"parameters":[],"start":1617475704220,"stop":1617475704220},{"name":"Open Wikipedia webpage for mobile web","status":"passed","stage":"finished","steps":[{"name":"Getting plarform","status":"passed","stage":"finished","steps":[],"attachments":[],"parameters":[],"start":1617475704221,"stop":1617475704221}],"attachments":[],"parameters":[],"start":1617475704221,"stop":1617475705794}],"attachments":[],"parameters":[],"start":1617475700516,"stop":1617475705794},{"name":"Starting Assert test","status":"broken","statusDetails":{"known":false,"muted":false,"flaky":false,"message":"Expected condition failed: Cannot find and click search result with substringobject-oriented programming language\n (tried for 10 second(s) with 500 milliseconds interval)","trace":"org.openqa.selenium.TimeoutException: Expected condition failed: Cannot find and click search result with substringobject-oriented programming language\n (tried for 10 second(s) with 500 milliseconds interval)\r\n\tat org.openqa.selenium.support.ui.WebDriverWait.timeoutException(WebDriverWait.java:81)\r\n\tat org.openqa.selenium.support.ui.FluentWait.until(FluentWait.java:271)\r\n\tat lib.ui.MainPageObject.waitForElementPresent_aroundBody0(MainPageObject.java:39)\r\n\tat lib.ui.MainPageObject$AjcClosure1.run(MainPageObject.java:1)\r\n\tat org.aspectj.runtime.reflect.JoinPointImpl.proceed(JoinPointImpl.java:149)\r\n\tat io.qameta.allure.aspects.StepsAspects.step(StepsAspects.java:50)\r\n\tat lib.ui.MainPageObject.waitForElementPresent(MainPageObject.java:36)\r\n\tat lib.ui.MainPageObject.waitForElementAndClick_aroundBody4(MainPageObject.java:57)\r\n\tat lib.ui.MainPageObject$AjcClosure5.run(MainPageObject.java:1)\r\n\tat org.aspectj.runtime.reflect.JoinPointImpl.proceed(JoinPointImpl.java:149)\r\n\tat io.qameta.allure.aspects.StepsAspects.step(StepsAspects.java:50)\r\n\tat lib.ui.MainPageObject.waitForElementAndClick(MainPageObject.java:57)\r\n\tat lib.ui.SearchPageObject.clickByArticleWithSubstring_aroundBody14(SearchPageObject.java:100)\r\n\tat lib.ui.SearchPageObject$AjcClosure15.run(SearchPageObject.java:1)\r\n\tat org.aspectj.runtime.reflect.JoinPointImpl.proceed(JoinPointImpl.java:149)\r\n\tat io.qameta.allure.aspects.StepsAspects.step(StepsAspects.java:50)\r\n\tat lib.ui.SearchPageObject.clickByArticleWithSubstring(SearchPageObject.java:99)\r\n\tat tests.ArticleTests.testAssertTitle_aroundBody4(ArticleTests.java:63)\r\n\tat tests.ArticleTests$AjcClosure5.run(ArticleTests.java:1)\r\n\tat org.aspectj.runtime.reflect.JoinPointImpl.proceed(JoinPointImpl.java:149)\r\n\tat io.qameta.allure.aspects.StepsAspects.step(StepsAspects.java:50)\r\n\tat tests.ArticleTests.testAssertTitle(ArticleTests.java:59)\r\n\tat sun.reflect.NativeMethodAccessorImpl.invoke0(Native Method)\r\n\tat sun.reflect.NativeMethodAccessorImpl.invoke(NativeMethodAccessorImpl.java:62)\r\n\tat sun.reflect.DelegatingMethodAccessorImpl.invoke(DelegatingMethodAccessorImpl.java:43)\r\n\tat java.lang.reflect.Method.invoke(Method.java:498)\r\n\tat org.junit.runners.model.FrameworkMethod$1.runReflectiveCall(FrameworkMethod.java:50)\r\n\tat org.junit.internal.runners.model.ReflectiveCallable.run(ReflectiveCallable.java:12)\r\n\tat org.junit.runners.model.FrameworkMethod.invokeExplosively(FrameworkMethod.java:47)\r\n\tat org.junit.internal.runners.statements.InvokeMethod.evaluate(InvokeMethod.java:17)\r\n\tat org.junit.internal.runners.statements.RunBefores.evaluate(RunBefores.java:26)\r\n\tat org.junit.internal.runners.statements.RunAfters.evaluate(RunAfters.java:27)\r\n\tat org.junit.runners.ParentRunner.runLeaf(ParentRunner.java:325)\r\n\tat org.junit.runners.BlockJUnit4ClassRunner.runChild(BlockJUnit4ClassRunner.java:78)\r\n\tat org.junit.runners.BlockJUnit4ClassRunner.runChild(BlockJUnit4ClassRunner.java:57)\r\n\tat org.junit.runners.ParentRunner$3.run(ParentRunner.java:290)\r\n\tat org.junit.runners.ParentRunner$1.schedule(ParentRunner.java:71)\r\n\tat org.junit.runners.ParentRunner.runChildren(ParentRunner.java:288)\r\n\tat org.junit.runners.ParentRunner.access$000(ParentRunner.java:58)\r\n\tat org.junit.runners.ParentRunner$2.evaluate(ParentRunner.java:268)\r\n\tat org.junit.runners.ParentRunner.run(ParentRunner.java:363)\r\n\tat org.apache.maven.surefire.junit4.JUnit4Provider.execute(JUnit4Provider.java:365)\r\n\tat org.apache.maven.surefire.junit4.JUnit4Provider.executeWithRerun(JUnit4Provider.java:273)\r\n\tat org.apache.maven.surefire.junit4.JUnit4Provider.executeTestSet(JUnit4Provider.java:238)\r\n\tat org.apache.maven.surefire.junit4.JUnit4Provider.invoke(JUnit4Provider.java:159)\r\n\tat org.apache.maven.surefire.booter.ForkedBooter.invokeProviderInSameClassLoader(ForkedBooter.java:384)\r\n\tat org.apache.maven.surefire.booter.ForkedBooter.runSuitesInProcess(ForkedBooter.java:345)\r\n\tat org.apache.maven.surefire.booter.ForkedBooter.execute(ForkedBooter.java:126)\r\n\tat org.apache.maven.surefire.booter.ForkedBooter.main(ForkedBooter.java:418)\r\nCaused by: org.openqa.selenium.NoSuchElementException: Cannot locate an element using By.xpath: //div[contains(@class,'wikidata-description')][contains(text(), 'object-oriented programming language')]\nFor documentation on this error, please visit: http://seleniumhq.org/exceptions/no_such_element.html\nBuild info: version: '3.12.0', revision: '7c6e0b3', time: '2018-05-08T14:04:26.12Z'\nSystem info: host: 'LAPTOP-M7G32PN6', ip: '192.168.1.2', os.name: 'Windows 10', os.arch: 'amd64', os.version: '10.0', java.version: '1.8.0_281'\nDriver info: driver.version: unknown\r\n\tat org.openqa.selenium.support.ui.ExpectedConditions.lambda$findElement$0(ExpectedConditions.java:896)\r\n\tat java.util.Optional.orElseThrow(Optional.java:290)\r\n\tat org.openqa.selenium.support.ui.ExpectedConditions.findElement(ExpectedConditions.java:895)\r\n\tat org.openqa.selenium.support.ui.ExpectedConditions.access$000(ExpectedConditions.java:44)\r\n\tat org.openqa.selenium.support.ui.ExpectedConditions$6.apply(ExpectedConditions.java:183)\r\n\tat org.openqa.selenium.support.ui.ExpectedConditions$6.apply(ExpectedConditions.java:180)\r\n\tat org.openqa.selenium.support.ui.FluentWait.until(FluentWait.java:248)\r\n\t... 47 more\r\n"},"stage":"finished","steps":[{"name":"Getting plarform","status":"passed","stage":"finished","steps":[],"attachments":[],"parameters":[],"start":1617475705911,"stop":1617475705911},{"name":"Getting plarform","status":"passed","stage":"finished","steps":[],"attachments":[],"parameters":[],"start":1617475705912,"stop":1617475705912},{"name":"Initializing the search field","status":"passed","stage":"finished","steps":[{"name":"Waiting when element appears and click on it","status":"passed","stage":"finished","steps":[{"name":"Checking that element presents on the page","status":"passed","stage":"finished","steps":[{"name":"Getting type of locator","status":"passed","stage":"finished","steps":[],"attachments":[],"parameters":[{"name":"locator_with_type","value":"css:button#searchIcon"}],"start":1617475705919,"stop":1617475705922}],"attachments":[],"parameters":[{"name":"locator","value":"css:button#searchIcon"},{"name":"error_message","value":"Cannot find and click init search element"},{"name":"timeoutInSeconds","value":"15"}],"start":1617475705919,"stop":1617475705968}],"attachments":[],"parameters":[{"name":"locator","value":"css:button#searchIcon"},{"name":"error_message","value":"Cannot find and click init search element"},{"name":"timeoutInSeconds","value":"15"}],"start":1617475705918,"stop":1617475706045},{"name":"Checking that element presents on the page","status":"passed","stage":"finished","steps":[{"name":"Getting type of locator","status":"passed","stage":"finished","steps":[],"attachments":[],"parameters":[{"name":"locator_with_type","value":"css:button#searchIcon"}],"start":1617475706045,"stop":1617475706045}],"attachments":[],"parameters":[{"name":"locator","value":"css:button#searchIcon"},{"name":"error_message","value":"Cannot find search input after clicking init search element"},{"name":"timeoutInSeconds","value":"5"}],"start":1617475706045,"stop":1617475706060}],"attachments":[],"parameters":[],"start":1617475705916,"stop":1617475706060},{"name":"Typing 'Java' in search input","status":"passed","stage":"finished","steps":[{"name":"Waiting when input field appears and type text","status":"passed","stage":"finished","steps":[{"name":"Checking that element presents on the page","status":"passed","stage":"finished","steps":[{"name":"Getting type of locator","status":"passed","stage":"finished","steps":[],"attachments":[],"parameters":[{"name":"locator_with_type","value":"css:form>input[type='search']"}],"start":1617475706061,"stop":1617475706061}],"attachments":[],"parameters":[{"name":"locator","value":"css:form>input[type='search']"},{"name":"error_message","value":"Cannot find input and type search line"},{"name":"timeoutInSeconds","value":"15"}],"start":1617475706061,"stop":1617475706079}],"attachments":[],"parameters":[{"name":"locator","value":"css:form>input[type='search']"},{"name":"value","value":"Java"},{"name":"error_message","value":"Cannot find input and type search line"},{"name":"timeoutInSeconds","value":"15"}],"start":1617475706061,"stop":1617475706132}],"attachments":[],"parameters":[{"name":"search_line","value":"Java"}],"start":1617475706061,"stop":1617475706132},{"name":"Waiting for search result and Clicking article that contains expected substring ","status":"broken","statusDetails":{"known":false,"muted":false,"flaky":false,"message":"Expected condition failed: Cannot find and click search result with substringobject-oriented programming language\n (tried for 10 second(s) with 500 milliseconds interval)","trace":"org.openqa.selenium.TimeoutException: Expected condition failed: Cannot find and click search result with substringobject-oriented programming language\n (tried for 10 second(s) with 500 milliseconds interval)\r\n\tat org.openqa.selenium.support.ui.WebDriverWait.timeoutException(WebDriverWait.java:81)\r\n\tat org.openqa.selenium.support.ui.FluentWait.until(FluentWait.java:271)\r\n\tat lib.ui.MainPageObject.waitForElementPresent_aroundBody0(MainPageObject.java:39)\r\n\tat lib.ui.MainPageObject$AjcClosure1.run(MainPageObject.java:1)\r\n\tat org.aspectj.runtime.reflect.JoinPointImpl.proceed(JoinPointImpl.java:149)\r\n\tat io.qameta.allure.aspects.StepsAspects.step(StepsAspects.java:50)\r\n\tat lib.ui.MainPageObject.waitForElementPresent(MainPageObject.java:36)\r\n\tat lib.ui.MainPageObject.waitForElementAndClick_aroundBody4(MainPageObject.java:57)\r\n\tat lib.ui.MainPageObject$AjcClosure5.run(MainPageObject.java:1)\r\n\tat org.aspectj.runtime.reflect.JoinPointImpl.proceed(JoinPointImpl.java:149)\r\n\tat io.qameta.allure.aspects.StepsAspects.step(StepsAspects.java:50)\r\n\tat lib.ui.MainPageObject.waitForElementAndClick(MainPageObject.java:57)\r\n\tat lib.ui.SearchPageObject.clickByArticleWithSubstring_aroundBody14(SearchPageObject.java:100)\r\n\tat lib.ui.SearchPageObject$AjcClosure15.run(SearchPageObject.java:1)\r\n\tat org.aspectj.runtime.reflect.JoinPointImpl.proceed(JoinPointImpl.java:149)\r\n\tat io.qameta.allure.aspects.StepsAspects.step(StepsAspects.java:50)\r\n\tat lib.ui.SearchPageObject.clickByArticleWithSubstring(SearchPageObject.java:99)\r\n\tat tests.ArticleTests.testAssertTitle_aroundBody4(ArticleTests.java:63)\r\n\tat tests.ArticleTests$AjcClosure5.run(ArticleTests.java:1)\r\n\tat org.aspectj.runtime.reflect.JoinPointImpl.proceed(JoinPointImpl.java:149)\r\n\tat io.qameta.allure.aspects.StepsAspects.step(StepsAspects.java:50)\r\n\tat tests.ArticleTests.testAssertTitle(ArticleTests.java:59)\r\n\tat sun.reflect.NativeMethodAccessorImpl.invoke0(Native Method)\r\n\tat sun.reflect.NativeMethodAccessorImpl.invoke(NativeMethodAccessorImpl.java:62)\r\n\tat sun.reflect.DelegatingMethodAccessorImpl.invoke(DelegatingMethodAccessorImpl.java:43)\r\n\tat java.lang.reflect.Method.invoke(Method.java:498)\r\n\tat org.junit.runners.model.FrameworkMethod$1.runReflectiveCall(FrameworkMethod.java:50)\r\n\tat org.junit.internal.runners.model.ReflectiveCallable.run(ReflectiveCallable.java:12)\r\n\tat org.junit.runners.model.FrameworkMethod.invokeExplosively(FrameworkMethod.java:47)\r\n\tat org.junit.internal.runners.statements.InvokeMethod.evaluate(InvokeMethod.java:17)\r\n\tat org.junit.internal.runners.statements.RunBefores.evaluate(RunBefores.java:26)\r\n\tat org.junit.internal.runners.statements.RunAfters.evaluate(RunAfters.java:27)\r\n\tat org.junit.runners.ParentRunner.runLeaf(ParentRunner.java:325)\r\n\tat org.junit.runners.BlockJUnit4ClassRunner.runChild(BlockJUnit4ClassRunner.java:78)\r\n\tat org.junit.runners.BlockJUnit4ClassRunner.runChild(BlockJUnit4ClassRunner.java:57)\r\n\tat org.junit.runners.ParentRunner$3.run(ParentRunner.java:290)\r\n\tat org.junit.runners.ParentRunner$1.schedule(ParentRunner.java:71)\r\n\tat org.junit.runners.ParentRunner.runChildren(ParentRunner.java:288)\r\n\tat org.junit.runners.ParentRunner.access$000(ParentRunner.java:58)\r\n\tat org.junit.runners.ParentRunner$2.evaluate(ParentRunner.java:268)\r\n\tat org.junit.runners.ParentRunner.run(ParentRunner.java:363)\r\n\tat org.apache.maven.surefire.junit4.JUnit4Provider.execute(JUnit4Provider.java:365)\r\n\tat org.apache.maven.surefire.junit4.JUnit4Provider.executeWithRerun(JUnit4Provider.java:273)\r\n\tat org.apache.maven.surefire.junit4.JUnit4Provider.executeTestSet(JUnit4Provider.java:238)\r\n\tat org.apache.maven.surefire.junit4.JUnit4Provider.invoke(JUnit4Provider.java:159)\r\n\tat org.apache.maven.surefire.booter.ForkedBooter.invokeProviderInSameClassLoader(ForkedBooter.java:384)\r\n\tat org.apache.maven.surefire.booter.ForkedBooter.runSuitesInProcess(ForkedBooter.java:345)\r\n\tat org.apache.maven.surefire.booter.ForkedBooter.execute(ForkedBooter.java:126)\r\n\tat org.apache.maven.surefire.booter.ForkedBooter.main(ForkedBooter.java:418)\r\nCaused by: org.openqa.selenium.NoSuchElementException: Cannot locate an element using By.xpath: //div[contains(@class,'wikidata-description')][contains(text(), 'object-oriented programming language')]\nFor documentation on this error, please visit: http://seleniumhq.org/exceptions/no_such_element.html\nBuild info: version: '3.12.0', revision: '7c6e0b3', time: '2018-05-08T14:04:26.12Z'\nSystem info: host: 'LAPTOP-M7G32PN6', ip: '192.168.1.2', os.name: 'Windows 10', os.arch: 'amd64', os.version: '10.0', java.version: '1.8.0_281'\nDriver info: driver.version: unknown\r\n\tat org.openqa.selenium.support.ui.ExpectedConditions.lambda$findElement$0(ExpectedConditions.java:896)\r\n\tat java.util.Optional.orElseThrow(Optional.java:290)\r\n\tat org.openqa.selenium.support.ui.ExpectedConditions.findElement(ExpectedConditions.java:895)\r\n\tat org.openqa.selenium.support.ui.ExpectedConditions.access$000(ExpectedConditions.java:44)\r\n\tat org.openqa.selenium.support.ui.ExpectedConditions$6.apply(ExpectedConditions.java:183)\r\n\tat org.openqa.selenium.support.ui.ExpectedConditions$6.apply(ExpectedConditions.java:180)\r\n\tat org.openqa.selenium.support.ui.FluentWait.until(FluentWait.java:248)\r\n\t... 47 more\r\n"},"stage":"finished","steps":[{"name":"Waiting when element appears and click on it","status":"broken","statusDetails":{"known":false,"muted":false,"flaky":false,"message":"Expected condition failed: Cannot find and click search result with substringobject-oriented programming language\n (tried for 10 second(s) with 500 milliseconds interval)","trace":"org.openqa.selenium.TimeoutException: Expected condition failed: Cannot find and click search result with substringobject-oriented programming language\n (tried for 10 second(s) with 500 milliseconds interval)\r\n\tat org.openqa.selenium.support.ui.WebDriverWait.timeoutException(WebDriverWait.java:81)\r\n\tat org.openqa.selenium.support.ui.FluentWait.until(FluentWait.java:271)\r\n\tat lib.ui.MainPageObject.waitForElementPresent_aroundBody0(MainPageObject.java:39)\r\n\tat lib.ui.MainPageObject$AjcClosure1.run(MainPageObject.java:1)\r\n\tat org.aspectj.runtime.reflect.JoinPointImpl.proceed(JoinPointImpl.java:149)\r\n\tat io.qameta.allure.aspects.StepsAspects.step(StepsAspects.java:50)\r\n\tat lib.ui.MainPageObject.waitForElementPresent(MainPageObject.java:36)\r\n\tat lib.ui.MainPageObject.waitForElementAndClick_aroundBody4(MainPageObject.java:57)\r\n\tat lib.ui.MainPageObject$AjcClosure5.run(MainPageObject.java:1)\r\n\tat org.aspectj.runtime.reflect.JoinPointImpl.proceed(JoinPointImpl.java:149)\r\n\tat io.qameta.allure.aspects.StepsAspects.step(StepsAspects.java:50)\r\n\tat lib.ui.MainPageObject.waitForElementAndClick(MainPageObject.java:57)\r\n\tat lib.ui.SearchPageObject.clickByArticleWithSubstring_aroundBody14(SearchPageObject.java:100)\r\n\tat lib.ui.SearchPageObject$AjcClosure15.run(SearchPageObject.java:1)\r\n\tat org.aspectj.runtime.reflect.JoinPointImpl.proceed(JoinPointImpl.java:149)\r\n\tat io.qameta.allure.aspects.StepsAspects.step(StepsAspects.java:50)\r\n\tat lib.ui.SearchPageObject.clickByArticleWithSubstring(SearchPageObject.java:99)\r\n\tat tests.ArticleTests.testAssertTitle_aroundBody4(ArticleTests.java:63)\r\n\tat tests.ArticleTests$AjcClosure5.run(ArticleTests.java:1)\r\n\tat org.aspectj.runtime.reflect.JoinPointImpl.proceed(JoinPointImpl.java:149)\r\n\tat io.qameta.allure.aspects.StepsAspects.step(StepsAspects.java:50)\r\n\tat tests.ArticleTests.testAssertTitle(ArticleTests.java:59)\r\n\tat sun.reflect.NativeMethodAccessorImpl.invoke0(Native Method)\r\n\tat sun.reflect.NativeMethodAccessorImpl.invoke(NativeMethodAccessorImpl.java:62)\r\n\tat sun.reflect.DelegatingMethodAccessorImpl.invoke(DelegatingMethodAccessorImpl.java:43)\r\n\tat java.lang.reflect.Method.invoke(Method.java:498)\r\n\tat org.junit.runners.model.FrameworkMethod$1.runReflectiveCall(FrameworkMethod.java:50)\r\n\tat org.junit.internal.runners.model.ReflectiveCallable.run(ReflectiveCallable.java:12)\r\n\tat org.junit.runners.model.FrameworkMethod.invokeExplosively(FrameworkMethod.java:47)\r\n\tat org.junit.internal.runners.statements.InvokeMethod.evaluate(InvokeMethod.java:17)\r\n\tat org.junit.internal.runners.statements.RunBefores.evaluate(RunBefores.java:26)\r\n\tat org.junit.internal.runners.statements.RunAfters.evaluate(RunAfters.java:27)\r\n\tat org.junit.runners.ParentRunner.runLeaf(ParentRunner.java:325)\r\n\tat org.junit.runners.BlockJUnit4ClassRunner.runChild(BlockJUnit4ClassRunner.java:78)\r\n\tat org.junit.runners.BlockJUnit4ClassRunner.runChild(BlockJUnit4ClassRunner.java:57)\r\n\tat org.junit.runners.ParentRunner$3.run(ParentRunner.java:290)\r\n\tat org.junit.runners.ParentRunner$1.schedule(ParentRunner.java:71)\r\n\tat org.junit.runners.ParentRunner.runChildren(ParentRunner.java:288)\r\n\tat org.junit.runners.ParentRunner.access$000(ParentRunner.java:58)\r\n\tat org.junit.runners.ParentRunner$2.evaluate(ParentRunner.java:268)\r\n\tat org.junit.runners.ParentRunner.run(ParentRunner.java:363)\r\n\tat org.apache.maven.surefire.junit4.JUnit4Provider.execute(JUnit4Provider.java:365)\r\n\tat org.apache.maven.surefire.junit4.JUnit4Provider.executeWithRerun(JUnit4Provider.java:273)\r\n\tat org.apache.maven.surefire.junit4.JUnit4Provider.executeTestSet(JUnit4Provider.java:238)\r\n\tat org.apache.maven.surefire.junit4.JUnit4Provider.invoke(JUnit4Provider.java:159)\r\n\tat org.apache.maven.surefire.booter.ForkedBooter.invokeProviderInSameClassLoader(ForkedBooter.java:384)\r\n\tat org.apache.maven.surefire.booter.ForkedBooter.runSuitesInProcess(ForkedBooter.java:345)\r\n\tat org.apache.maven.surefire.booter.ForkedBooter.execute(ForkedBooter.java:126)\r\n\tat org.apache.maven.surefire.booter.ForkedBooter.main(ForkedBooter.java:418)\r\nCaused by: org.openqa.selenium.NoSuchElementException: Cannot locate an element using By.xpath: //div[contains(@class,'wikidata-description')][contains(text(), 'object-oriented programming language')]\nFor documentation on this error, please visit: http://seleniumhq.org/exceptions/no_such_element.html\nBuild info: version: '3.12.0', revision: '7c6e0b3', time: '2018-05-08T14:04:26.12Z'\nSystem info: host: 'LAPTOP-M7G32PN6', ip: '192.168.1.2', os.name: 'Windows 10', os.arch: 'amd64', os.version: '10.0', java.version: '1.8.0_281'\nDriver info: driver.version: unknown\r\n\tat org.openqa.selenium.support.ui.ExpectedConditions.lambda$findElement$0(ExpectedConditions.java:896)\r\n\tat java.util.Optional.orElseThrow(Optional.java:290)\r\n\tat org.openqa.selenium.support.ui.ExpectedConditions.findElement(ExpectedConditions.java:895)\r\n\tat org.openqa.selenium.support.ui.ExpectedConditions.access$000(ExpectedConditions.java:44)\r\n\tat org.openqa.selenium.support.ui.ExpectedConditions$6.apply(ExpectedConditions.java:183)\r\n\tat org.openqa.selenium.support.ui.ExpectedConditions$6.apply(ExpectedConditions.java:180)\r\n\tat org.openqa.selenium.support.ui.FluentWait.until(FluentWait.java:248)\r\n\t... 47 more\r\n"},"stage":"finished","steps":[{"name":"Checking that element presents on the page","status":"broken","statusDetails":{"known":false,"muted":false,"flaky":false,"message":"Expected condition failed: Cannot find and click search result with substringobject-oriented programming language\n (tried for 10 second(s) with 500 milliseconds interval)","trace":"org.openqa.selenium.TimeoutException: Expected condition failed: Cannot find and click search result with substringobject-oriented programming language\n (tried for 10 second(s) with 500 milliseconds interval)\r\n\tat org.openqa.selenium.support.ui.WebDriverWait.timeoutException(WebDriverWait.java:81)\r\n\tat org.openqa.selenium.support.ui.FluentWait.until(FluentWait.java:271)\r\n\tat lib.ui.MainPageObject.waitForElementPresent_aroundBody0(MainPageObject.java:39)\r\n\tat lib.ui.MainPageObject$AjcClosure1.run(MainPageObject.java:1)\r\n\tat org.aspectj.runtime.reflect.JoinPointImpl.proceed(JoinPointImpl.java:149)\r\n\tat io.qameta.allure.aspects.StepsAspects.step(StepsAspects.java:50)\r\n\tat lib.ui.MainPageObject.waitForElementPresent(MainPageObject.java:36)\r\n\tat lib.ui.MainPageObject.waitForElementAndClick_aroundBody4(MainPageObject.java:57)\r\n\tat lib.ui.MainPageObject$AjcClosure5.run(MainPageObject.java:1)\r\n\tat org.aspectj.runtime.reflect.JoinPointImpl.proceed(JoinPointImpl.java:149)\r\n\tat io.qameta.allure.aspects.StepsAspects.step(StepsAspects.java:50)\r\n\tat lib.ui.MainPageObject.waitForElementAndClick(MainPageObject.java:57)\r\n\tat lib.ui.SearchPageObject.clickByArticleWithSubstring_aroundBody14(SearchPageObject.java:100)\r\n\tat lib.ui.SearchPageObject$AjcClosure15.run(SearchPageObject.java:1)\r\n\tat org.aspectj.runtime.reflect.JoinPointImpl.proceed(JoinPointImpl.java:149)\r\n\tat io.qameta.allure.aspects.StepsAspects.step(StepsAspects.java:50)\r\n\tat lib.ui.SearchPageObject.clickByArticleWithSubstring(SearchPageObject.java:99)\r\n\tat tests.ArticleTests.testAssertTitle_aroundBody4(ArticleTests.java:63)\r\n\tat tests.ArticleTests$AjcClosure5.run(ArticleTests.java:1)\r\n\tat org.aspectj.runtime.reflect.JoinPointImpl.proceed(JoinPointImpl.java:149)\r\n\tat io.qameta.allure.aspects.StepsAspects.step(StepsAspects.java:50)\r\n\tat tests.ArticleTests.testAssertTitle(ArticleTests.java:59)\r\n\tat sun.reflect.NativeMethodAccessorImpl.invoke0(Native Method)\r\n\tat sun.reflect.NativeMethodAccessorImpl.invoke(NativeMethodAccessorImpl.java:62)\r\n\tat sun.reflect.DelegatingMethodAccessorImpl.invoke(DelegatingMethodAccessorImpl.java:43)\r\n\tat java.lang.reflect.Method.invoke(Method.java:498)\r\n\tat org.junit.runners.model.FrameworkMethod$1.runReflectiveCall(FrameworkMethod.java:50)\r\n\tat org.junit.internal.runners.model.ReflectiveCallable.run(ReflectiveCallable.java:12)\r\n\tat org.junit.runners.model.FrameworkMethod.invokeExplosively(FrameworkMethod.java:47)\r\n\tat org.junit.internal.runners.statements.InvokeMethod.evaluate(InvokeMethod.java:17)\r\n\tat org.junit.internal.runners.statements.RunBefores.evaluate(RunBefores.java:26)\r\n\tat org.junit.internal.runners.statements.RunAfters.evaluate(RunAfters.java:27)\r\n\tat org.junit.runners.ParentRunner.runLeaf(ParentRunner.java:325)\r\n\tat org.junit.runners.BlockJUnit4ClassRunner.runChild(BlockJUnit4ClassRunner.java:78)\r\n\tat org.junit.runners.BlockJUnit4ClassRunner.runChild(BlockJUnit4ClassRunner.java:57)\r\n\tat org.junit.runners.ParentRunner$3.run(ParentRunner.java:290)\r\n\tat org.junit.runners.ParentRunner$1.schedule(ParentRunner.java:71)\r\n\tat org.junit.runners.ParentRunner.runChildren(ParentRunner.java:288)\r\n\tat org.junit.runners.ParentRunner.access$000(ParentRunner.java:58)\r\n\tat org.junit.runners.ParentRunner$2.evaluate(ParentRunner.java:268)\r\n\tat org.junit.runners.ParentRunner.run(ParentRunner.java:363)\r\n\tat org.apache.maven.surefire.junit4.JUnit4Provider.execute(JUnit4Provider.java:365)\r\n\tat org.apache.maven.surefire.junit4.JUnit4Provider.executeWithRerun(JUnit4Provider.java:273)\r\n\tat org.apache.maven.surefire.junit4.JUnit4Provider.executeTestSet(JUnit4Provider.java:238)\r\n\tat org.apache.maven.surefire.junit4.JUnit4Provider.invoke(JUnit4Provider.java:159)\r\n\tat org.apache.maven.surefire.booter.ForkedBooter.invokeProviderInSameClassLoader(ForkedBooter.java:384)\r\n\tat org.apache.maven.surefire.booter.ForkedBooter.runSuitesInProcess(ForkedBooter.java:345)\r\n\tat org.apache.maven.surefire.booter.ForkedBooter.execute(ForkedBooter.java:126)\r\n\tat org.apache.maven.surefire.booter.ForkedBooter.main(ForkedBooter.java:418)\r\nCaused by: org.openqa.selenium.NoSuchElementException: Cannot locate an element using By.xpath: //div[contains(@class,'wikidata-description')][contains(text(), 'object-oriented programming language')]\nFor documentation on this error, please visit: http://seleniumhq.org/exceptions/no_such_element.html\nBuild info: version: '3.12.0', revision: '7c6e0b3', time: '2018-05-08T14:04:26.12Z'\nSystem info: host: 'LAPTOP-M7G32PN6', ip: '192.168.1.2', os.name: 'Windows 10', os.arch: 'amd64', os.version: '10.0', java.version: '1.8.0_281'\nDriver info: driver.version: unknown\r\n\tat org.openqa.selenium.support.ui.ExpectedConditions.lambda$findElement$0(ExpectedConditions.java:896)\r\n\tat java.util.Optional.orElseThrow(Optional.java:290)\r\n\tat org.openqa.selenium.support.ui.ExpectedConditions.findElement(ExpectedConditions.java:895)\r\n\tat org.openqa.selenium.support.ui.ExpectedConditions.access$000(ExpectedConditions.java:44)\r\n\tat org.openqa.selenium.support.ui.ExpectedConditions$6.apply(ExpectedConditions.java:183)\r\n\tat org.openqa.selenium.support.ui.ExpectedConditions$6.apply(ExpectedConditions.java:180)\r\n\tat org.openqa.selenium.support.ui.FluentWait.until(FluentWait.java:248)\r\n\t... 47 more\r\n"},"stage":"finished","steps":[{"name":"Getting type of locator","status":"passed","stage":"finished","steps":[],"attachments":[],"parameters":[{"name":"locator_with_type","value":"xpath://div[contains(@class,'wikidata-description')][contains(text(), 'object-oriented programming language')]"}],"start":1617475706133,"stop":1617475706133}],"attachments":[],"parameters":[{"name":"locator","value":"xpath://div[contains(@class,'wikidata-description')][contains(text(), 'object-oriented programming language')]"},{"name":"error_message","value":"Cannot find and click search result with substringobject-oriented programming language"},{"name":"timeoutInSeconds","value":"10"}],"start":1617475706133,"stop":1617475716289}],"attachments":[],"parameters":[{"name":"locator","value":"xpath://div[contains(@class,'wikidata-description')][contains(text(), 'object-oriented programming language')]"},{"name":"error_message","value":"Cannot find and click search result with substringobject-oriented programming language"},{"name":"timeoutInSeconds","value":"10"}],"start":1617475706133,"stop":1617475716289}],"attachments":[],"parameters":[{"name":"substring","value":"object-oriented programming language"}],"start":1617475706133,"stop":1617475716290}],"attachments":[],"parameters":[],"start":1617475705794,"stop":1617475716290},{"name":"Remove driver and session","status":"passed","stage":"finished","steps":[],"attachments":[],"parameters":[],"start":1617475716290,"stop":1617475717222}],"attachments":[],"parameters":[],"start":1617475700466,"stop":1617475717246,"uuid":"a18a6424-0127-40b8-8f1f-5295bfdd6d3b","historyId":"34fa9eb217dbc0d7f7fc947c5fc073fe","fullName":"tests.ArticleTests.testAssertTitle","labels":[{"name":"package","value":"tests"},{"name":"testClass","value":"tests.ArticleTests"},{"name":"testMethod","value":"testAssertTitle"},{"name":"suite","value":"tests.ArticleTests"},{"name":"host","value":"LAPTOP-M7G32PN6"},{"name":"thread","value":"15100@LAPTOP-M7G32PN6.main(1)"},{"name":"epic","value":"Tests for articles"},{"name":"feature","value":"Search"},{"name":"feature","value":"Article"},{"name":"severity","value":"critical"}],"links":[]}